[debug] [2025-11-26T13:33:41.883Z] ----------------------------------------------------------------------
[debug] [2025-11-26T13:33:41.888Z] Command:       C:\Program Files\nodejs\node.exe C:\Users\Admin\AppData\Roaming\npm\node_modules\firebase-tools\lib\bin\firebase.js init
[debug] [2025-11-26T13:33:41.890Z] CLI Version:   14.26.0
[debug] [2025-11-26T13:33:41.891Z] Platform:      win32
[debug] [2025-11-26T13:33:41.891Z] Node Version:  v22.21.1
[debug] [2025-11-26T13:33:41.891Z] Time:          Wed Nov 26 2025 21:33:41 GMT+0800 (Philippine Standard Time)
[debug] [2025-11-26T13:33:41.891Z] ----------------------------------------------------------------------
[debug] 
[info] 
     ######## #### ########  ######## ########     ###     ######  ########
     ##        ##  ##     ## ##       ##     ##  ##   ##  ##       ##
     ######    ##  ########  ######   ########  #########  ######  ######
     ##        ##  ##    ##  ##       ##     ## ##     ##       ## ##
     ##       #### ##     ## ######## ########  ##     ##  ######  ########

You're about to initialize a Firebase project in this directory:

  C:\xampp\htdocs\systemfinal

Before we get started, keep in mind:

  * You are currently outside your home directory

[info] 
=== Project Setup
[info] 
[info] First, let's associate this project directory with a Firebase project.
[info] You can create multiple project aliases by running firebase use --add, 
[info] 
[debug] [2025-11-26T13:34:34.554Z] > command requires scopes: ["email","openid","https://www.googleapis.com/auth/cloudplatformprojects.readonly","https://www.googleapis.com/auth/firebase","https://www.googleapis.com/auth/cloud-platform"]
[debug] [2025-11-26T13:34:34.554Z] > authorizing via signed-in user (jrgonzalesmacan01@gmail.com)
[debug] [2025-11-26T13:34:34.556Z] Checked if tokens are valid: true, expires at: 1764167575355
[debug] [2025-11-26T13:34:34.557Z] Checked if tokens are valid: true, expires at: 1764167575355
[debug] [2025-11-26T13:34:34.559Z] >>> [apiv2][query] GET https://firebase.googleapis.com/v1beta1/projects pageSize=100
[debug] [2025-11-26T13:34:35.502Z] <<< [apiv2][status] GET https://firebase.googleapis.com/v1beta1/projects 200
[debug] [2025-11-26T13:34:35.502Z] <<< [apiv2][body] GET https://firebase.googleapis.com/v1beta1/projects [omitted]
[info] 
=== Hosting Setup
[debug] [2025-11-26T13:35:42.849Z] Checked if tokens are valid: true, expires at: 1764167575355
[debug] [2025-11-26T13:35:42.849Z] Checked if tokens are valid: true, expires at: 1764167575355
[debug] [2025-11-26T13:35:42.851Z] >>> [apiv2][query] GET https://firebase.googleapis.com/v1beta1/projects/groomily-44fe6 [none]
[debug] [2025-11-26T13:35:43.660Z] <<< [apiv2][status] GET https://firebase.googleapis.com/v1beta1/projects/groomily-44fe6 200
[debug] [2025-11-26T13:35:43.661Z] <<< [apiv2][body] GET https://firebase.googleapis.com/v1beta1/projects/groomily-44fe6 {"projectId":"groomily-44fe6","projectNumber":"181088047070","displayName":"Groomily","name":"projects/groomily-44fe6","resources":{"hostingSite":"groomily-44fe6"},"state":"ACTIVE","etag":"1_2a68d56b-38ce-4881-a38d-26772209a446"}
[info] 
[info] Your public directory is the folder (relative to your project directory) that
[info] will contain Hosting assets to be uploaded with firebase deploy. If you
[info] have a build process for your assets, use your build's output directory.
[info] 
[info] 
[info] i  Didn't detect a .git folder. Assuming C:\xampp\htdocs\systemfinal is the project root. 
[info] i  Authorizing with GitHub to upload your service account to a GitHub repository's secrets store. 
[info] 
[info] Visit this URL on this device to log in:
[info] https://github.com/login/oauth/authorize?client_id=89cf50f02ac6aaed3484&state=171149408&redirect_uri=http%3A%2F%2Flocalhost%3A9005&scope=read%3Auser%20repo%20public_repo
[info] 
[info] Waiting for authentication...
[debug] [2025-11-26T13:40:12.595Z] >>> [apiv2][query] POST https://github.com/login/oauth/access_token [none]
[debug] [2025-11-26T13:40:12.597Z] >>> [apiv2][body] POST https://github.com/login/oauth/access_token [stream]
[debug] [2025-11-26T13:40:13.432Z] <<< [apiv2][status] POST https://github.com/login/oauth/access_token 200
[debug] [2025-11-26T13:40:13.432Z] <<< [apiv2][body] POST https://github.com/login/oauth/access_token {"access_token":"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","token_type":"bearer","scope":"read:user,repo"}
[debug] [2025-11-26T13:40:13.437Z] >>> [apiv2][query] GET https://api.github.com/user [none]
[debug] [2025-11-26T13:40:14.231Z] <<< [apiv2][status] GET https://api.github.com/user 200
[debug] [2025-11-26T13:40:14.232Z] <<< [apiv2][body] GET https://api.github.com/user {"login":"jrgonzalesmacan01-collab","id":246301227,"node_id":"U_kgDODq5CKw","avatar_url":"https://avatars.githubusercontent.com/u/246301227?v=4","gravatar_id":"","url":"https://api.github.com/users/jrgonzalesmacan01-collab","html_url":"https://github.com/jrgonzalesmacan01-collab","followers_url":"https://api.github.com/users/jrgonzalesmacan01-collab/followers","following_url":"https://api.github.com/users/jrgonzalesmacan01-collab/following{/other_user}","gists_url":"https://api.github.com/users/jrgonzalesmacan01-collab/gists{/gist_id}","starred_url":"https://api.github.com/users/jrgonzalesmacan01-collab/starred{/owner}{/repo}","subscriptions_url":"https://api.github.com/users/jrgonzalesmacan01-collab/subscriptions","organizations_url":"https://api.github.com/users/jrgonzalesmacan01-collab/orgs","repos_url":"https://api.github.com/users/jrgonzalesmacan01-collab/repos","events_url":"https://api.github.com/users/jrgonzalesmacan01-collab/events{/privacy}","received_events_url":"https://api.github.com/users/jrgonzalesmacan01-collab/received_events","type":"User","user_view_type":"private","site_admin":false,"name":null,"company":null,"blog":"","location":null,"email":null,"hireable":null,"bio":null,"twitter_username":null,"notification_email":null,"public_repos":0,"public_gists":0,"followers":0,"following":0,"created_at":"2025-11-26T13:39:57Z","updated_at":"2025-11-26T13:39:57Z","private_gists":0,"total_private_repos":0,"owned_private_repos":0,"disk_usage":0,"collaborators":0,"two_factor_authentication":false,"plan":{"name":"free","space":976562499,"collaborators":0,"private_repos":10000}}
[info] 
[info] +  Success! Logged into GitHub as jrgonzalesmacan01-collab 
[info] 
